[debug] [2021-11-19T10:43:09.775Z] ----------------------------------------------------------------------
[debug] [2021-11-19T10:43:09.778Z] Command:       C:\Program Files\nodejs\node.exe C:\Users\kwibuka confianc\AppData\Roaming\npm\node_modules\firebase-tools\lib\bin\firebase.js emulators:start --only functions
[debug] [2021-11-19T10:43:09.778Z] CLI Version:   9.19.0
[debug] [2021-11-19T10:43:09.778Z] Platform:      win32
[debug] [2021-11-19T10:43:09.779Z] Node Version:  v14.15.4
[debug] [2021-11-19T10:43:09.780Z] Time:          Fri Nov 19 2021 12:43:09 GMT+0200 (Eastern European Standard Time)
[debug] [2021-11-19T10:43:09.780Z] ----------------------------------------------------------------------
[debug] 
[debug] [2021-11-19T10:43:09.805Z] >>> [apiv2][query] GET https://firebase-public.firebaseio.com/cli.json [none]
[debug] [2021-11-19T10:43:09.929Z] > command requires scopes: ["email","openid","https://www.googleapis.com/auth/cloudplatformprojects.readonly","https://www.googleapis.com/auth/firebase","https://www.googleapis.com/auth/cloud-platform"]
[debug] [2021-11-19T10:43:09.929Z] > authorizing via signed-in user (maspeqa@gmail.com)
[info] i  emulators: Starting emulators: functions {"metadata":{"emulator":{"name":"hub"},"message":"Starting emulators: functions"}}
[debug] [2021-11-19T10:43:09.997Z] [hub] writing locator at C:\Users\KWIBUK~1\AppData\Local\Temp\hub-hotel-finder-34fbd.json
[warn] !  functions: The following emulators are not running, calls to these services from the Functions emulator will affect production: auth, firestore, database, hosting, pubsub, storage {"metadata":{"emulator":{"name":"functions"},"message":"The following emulators are not running, calls to these services from the Functions emulator will affect production: \u001b[1mauth, firestore, database, hosting, pubsub, storage\u001b[22m"}}
[warn] !  Your requested "node" version "12" doesn't match your global version "14" {"metadata":{"emulator":{"name":"functions"},"message":"Your requested \"node\" version \"12\" doesn't match your global version \"14\""}}
[debug] [2021-11-19T10:43:12.034Z] defaultcredentials: writing to file C:\Users\kwibuka confianc\AppData\Roaming\firebase\maspeqa_gmail_com_application_default_credentials.json
[debug] [2021-11-19T10:43:12.038Z] Setting GAC to C:\Users\kwibuka confianc\AppData\Roaming\firebase\maspeqa_gmail_com_application_default_credentials.json {"metadata":{"emulator":{"name":"functions"},"message":"Setting GAC to C:\\Users\\kwibuka confianc\\AppData\\Roaming\\firebase\\maspeqa_gmail_com_application_default_credentials.json"}}
[debug] [2021-11-19T10:43:12.040Z] > refreshing access token with scopes: []
[debug] [2021-11-19T10:43:12.041Z] >>> HTTP REQUEST POST https://www.googleapis.com/oauth2/v3/token  
 <request body omitted>
[debug] [2021-11-19T10:43:12.787Z] <<< [apiv2][status] GET https://firebase-public.firebaseio.com/cli.json 200
[debug] [2021-11-19T10:43:12.788Z] <<< [apiv2][body] GET https://firebase-public.firebaseio.com/cli.json {"cloudBuildErrorAfter":1594252800000,"cloudBuildWarnAfter":1590019200000,"defaultNode10After":1594252800000,"minVersion":"3.0.5","node8DeploysDisabledAfter":1613390400000,"node8RuntimeDisabledAfter":1615809600000,"node8WarnAfter":1600128000000}
[debug] [2021-11-19T10:43:16.766Z] <<< HTTP RESPONSE 200 {"expires":"Mon, 01 Jan 1990 00:00:00 GMT","cache-control":"no-cache, no-store, max-age=0, must-revalidate","pragma":"no-cache","date":"Fri, 19 Nov 2021 10:43:14 GMT","content-type":"application/json; charset=utf-8","vary":"X-Origin, Referer, Origin,Accept-Encoding","server":"scaffolding on HTTPServer2","x-xss-protection":"0","x-frame-options":"SAMEORIGIN","x-content-type-options":"nosniff","alt-svc":"h3=\":443\"; ma=2592000,h3-29=\":443\"; ma=2592000,h3-Q050=\":443\"; ma=2592000,h3-Q046=\":443\"; ma=2592000,h3-Q043=\":443\"; ma=2592000,quic=\":443\"; ma=2592000; v=\"46,43\"","accept-ranges":"none","transfer-encoding":"chunked"}
[debug] [2021-11-19T10:43:16.884Z] >>> [apiv2][query] GET https://firebase.googleapis.com/v1beta1/projects/hotel-finder-34fbd/adminSdkConfig [none]
[debug] [2021-11-19T10:43:20.532Z] <<< [apiv2][status] GET https://firebase.googleapis.com/v1beta1/projects/hotel-finder-34fbd/adminSdkConfig 403
[debug] [2021-11-19T10:43:20.532Z] <<< [apiv2][body] GET https://firebase.googleapis.com/v1beta1/projects/hotel-finder-34fbd/adminSdkConfig {"error":{"code":403,"message":"The caller does not have permission","status":"PERMISSION_DENIED"}}
[debug] [2021-11-19T10:43:20.533Z] Failed to get Admin SDK config for hotel-finder-34fbd, falling back to cache Failed to get Admin SDK for Firebase project hotel-finder-34fbd. Please make sure the project exists and your account has permission to access it. {"name":"FirebaseError","children":[],"exit":2,"message":"Failed to get Admin SDK for Firebase project hotel-finder-34fbd. Please make sure the project exists and your account has permission to access it.","original":{"name":"FirebaseError","children":[],"context":{"body":{"error":{"code":403,"message":"The caller does not have permission","status":"PERMISSION_DENIED"}},"response":{"statusCode":403}},"exit":1,"message":"HTTP Error: 403, The caller does not have permission","status":403},"status":500}
[debug] [2021-11-19T10:43:20.549Z] Ignoring unsupported arg: auto_download {"metadata":{"emulator":{"name":"ui"},"message":"Ignoring unsupported arg: auto_download"}}
[debug] [2021-11-19T10:43:20.549Z] Ignoring unsupported arg: port {"metadata":{"emulator":{"name":"ui"},"message":"Ignoring unsupported arg: port"}}
[debug] [2021-11-19T10:43:20.549Z] Starting Emulator UI with command {"binary":"node","args":["C:\\Users\\kwibuka confianc\\.cache\\firebase\\emulators\\ui-v1.6.3\\server.bundle.js"],"optionalArgs":[],"joinArgs":false} {"metadata":{"emulator":{"name":"ui"},"message":"Starting Emulator UI with command {\"binary\":\"node\",\"args\":[\"C:\\\\Users\\\\kwibuka confianc\\\\.cache\\\\firebase\\\\emulators\\\\ui-v1.6.3\\\\server.bundle.js\"],\"optionalArgs\":[],\"joinArgs\":false}"}}
[info] i  ui: Emulator UI logging to ui-debug.log {"metadata":{"emulator":{"name":"ui"},"message":"Emulator UI logging to \u001b[1mui-debug.log\u001b[22m"}}
[debug] [2021-11-19T10:43:20.962Z] Web / API server started at localhost:4000
 {"metadata":{"emulator":{"name":"ui"},"message":"Web / API server started at localhost:4000\n"}}
[info] i  functions: Watching "E:\Hotel Finder\hotel-finder-app\hotelFinder\functions" for Cloud Functions... {"metadata":{"emulator":{"name":"functions"},"message":"Watching \"E:\\Hotel Finder\\hotel-finder-app\\hotelFinder\\functions\" for Cloud Functions..."}}
[debug] [2021-11-19T10:43:21.308Z] [worker-pool] addWorker(~diagnostic~) {"metadata":{"emulator":{"name":"functions"},"message":"[worker-pool] addWorker(~diagnostic~)"}}
[debug] [2021-11-19T10:43:21.308Z] [worker-pool] Adding worker with key ~diagnostic~, total=1 {"metadata":{"emulator":{"name":"functions"},"message":"[worker-pool] Adding worker with key ~diagnostic~, total=1"}}
[debug] [2021-11-19T10:43:21.308Z] [worker-pool] submitWork(triggerId=) {"metadata":{"emulator":{"name":"functions"},"message":"[worker-pool] submitWork(triggerId=)"}}
[debug] [2021-11-19T10:43:21.309Z] [worker-~diagnostic~-3fe85a4f-5347-40e2-a1e5-3195ebf0be10]: Assigning socketPath: \\?\pipe\E:\Hotel Finder\hotel-finder-app\hotelFinder\functions\14308 {"metadata":{"emulator":{"name":"functions"},"message":"[worker-~diagnostic~-3fe85a4f-5347-40e2-a1e5-3195ebf0be10]: Assigning socketPath: \\\\?\\pipe\\E:\\Hotel Finder\\hotel-finder-app\\hotelFinder\\functions\\14308"}}
[debug] [2021-11-19T10:43:21.310Z] [worker-~diagnostic~-3fe85a4f-5347-40e2-a1e5-3195ebf0be10]: BUSY {"metadata":{"emulator":{"name":"functions"},"message":"[worker-~diagnostic~-3fe85a4f-5347-40e2-a1e5-3195ebf0be10]: BUSY"}}
[debug] [2021-11-19T10:43:21.637Z] [runtime-status] [14308] Functions runtime initialized. {"cwd":"E:\\Hotel Finder\\hotel-finder-app\\hotelFinder\\functions","node_version":"14.15.4"} {"metadata":{"emulator":{"name":"functions"},"message":"[runtime-status] [14308] Functions runtime initialized. {\"cwd\":\"E:\\\\Hotel Finder\\\\hotel-finder-app\\\\hotelFinder\\\\functions\",\"node_version\":\"14.15.4\"}"}}
[debug] [2021-11-19T10:43:21.638Z] [runtime-status] [14308] Disabled runtime features: undefined {"metadata":{"emulator":{"name":"functions"},"message":"[runtime-status] [14308] Disabled runtime features: undefined"}}
[debug] [2021-11-19T10:43:21.643Z] [runtime-status] [14308] Resolved module firebase-admin {"declared":true,"installed":true,"version":"9.9.0","resolution":"E:\\Hotel Finder\\hotel-finder-app\\hotelFinder\\functions\\node_modules\\firebase-admin\\lib\\index.js"} {"metadata":{"emulator":{"name":"functions"},"message":"[runtime-status] [14308] Resolved module firebase-admin {\"declared\":true,\"installed\":true,\"version\":\"9.9.0\",\"resolution\":\"E:\\\\Hotel Finder\\\\hotel-finder-app\\\\hotelFinder\\\\functions\\\\node_modules\\\\firebase-admin\\\\lib\\\\index.js\"}"}}
[debug] [2021-11-19T10:43:21.646Z] [runtime-status] [14308] Resolved module firebase-functions {"declared":true,"installed":true,"version":"3.14.1","resolution":"E:\\Hotel Finder\\hotel-finder-app\\hotelFinder\\functions\\node_modules\\firebase-functions\\lib\\index.js"} {"metadata":{"emulator":{"name":"functions"},"message":"[runtime-status] [14308] Resolved module firebase-functions {\"declared\":true,\"installed\":true,\"version\":\"3.14.1\",\"resolution\":\"E:\\\\Hotel Finder\\\\hotel-finder-app\\\\hotelFinder\\\\functions\\\\node_modules\\\\firebase-functions\\\\lib\\\\index.js\"}"}}
[debug] [2021-11-19T10:43:21.648Z] [runtime-status] [14308] Outgoing network have been stubbed. [{"name":"http","status":"mocked"},{"name":"http","status":"mocked"},{"name":"https","status":"mocked"},{"name":"https","status":"mocked"},{"name":"net","status":"mocked"}] {"metadata":{"emulator":{"name":"functions"},"message":"[runtime-status] [14308] Outgoing network have been stubbed. [{\"name\":\"http\",\"status\":\"mocked\"},{\"name\":\"http\",\"status\":\"mocked\"},{\"name\":\"https\",\"status\":\"mocked\"},{\"name\":\"https\",\"status\":\"mocked\"},{\"name\":\"net\",\"status\":\"mocked\"}]"}}
[debug] [2021-11-19T10:43:21.649Z] [runtime-status] [14308] Resolved module firebase-functions {"declared":true,"installed":true,"version":"3.14.1","resolution":"E:\\Hotel Finder\\hotel-finder-app\\hotelFinder\\functions\\node_modules\\firebase-functions\\lib\\index.js"} {"metadata":{"emulator":{"name":"functions"},"message":"[runtime-status] [14308] Resolved module firebase-functions {\"declared\":true,\"installed\":true,\"version\":\"3.14.1\",\"resolution\":\"E:\\\\Hotel Finder\\\\hotel-finder-app\\\\hotelFinder\\\\functions\\\\node_modules\\\\firebase-functions\\\\lib\\\\index.js\"}"}}
[debug] [2021-11-19T10:43:21.714Z] [runtime-status] [14308] Checked functions.config() {"config":{}} {"metadata":{"emulator":{"name":"functions"},"message":"[runtime-status] [14308] Checked functions.config() {\"config\":{}}"}}
[debug] [2021-11-19T10:43:21.715Z] [runtime-status] [14308] firebase-functions has been stubbed. {"functionsResolution":{"declared":true,"installed":true,"version":"3.14.1","resolution":"E:\\Hotel Finder\\hotel-finder-app\\hotelFinder\\functions\\node_modules\\firebase-functions\\lib\\index.js"}} {"metadata":{"emulator":{"name":"functions"},"message":"[runtime-status] [14308] firebase-functions has been stubbed. {\"functionsResolution\":{\"declared\":true,\"installed\":true,\"version\":\"3.14.1\",\"resolution\":\"E:\\\\Hotel Finder\\\\hotel-finder-app\\\\hotelFinder\\\\functions\\\\node_modules\\\\firebase-functions\\\\lib\\\\index.js\"}}"}}
[debug] [2021-11-19T10:43:21.716Z] [runtime-status] [14308] Resolved module firebase-functions {"declared":true,"installed":true,"version":"3.14.1","resolution":"E:\\Hotel Finder\\hotel-finder-app\\hotelFinder\\functions\\node_modules\\firebase-functions\\lib\\index.js"} {"metadata":{"emulator":{"name":"functions"},"message":"[runtime-status] [14308] Resolved module firebase-functions {\"declared\":true,\"installed\":true,\"version\":\"3.14.1\",\"resolution\":\"E:\\\\Hotel Finder\\\\hotel-finder-app\\\\hotelFinder\\\\functions\\\\node_modules\\\\firebase-functions\\\\lib\\\\index.js\"}"}}
[debug] [2021-11-19T10:43:21.718Z] [runtime-status] [14308] Resolved module firebase-admin {"declared":true,"installed":true,"version":"9.9.0","resolution":"E:\\Hotel Finder\\hotel-finder-app\\hotelFinder\\functions\\node_modules\\firebase-admin\\lib\\index.js"} {"metadata":{"emulator":{"name":"functions"},"message":"[runtime-status] [14308] Resolved module firebase-admin {\"declared\":true,\"installed\":true,\"version\":\"9.9.0\",\"resolution\":\"E:\\\\Hotel Finder\\\\hotel-finder-app\\\\hotelFinder\\\\functions\\\\node_modules\\\\firebase-admin\\\\lib\\\\index.js\"}"}}
[debug] [2021-11-19T10:43:21.719Z] [runtime-status] [14308] Resolved module firebase-functions {"declared":true,"installed":true,"version":"3.14.1","resolution":"E:\\Hotel Finder\\hotel-finder-app\\hotelFinder\\functions\\node_modules\\firebase-functions\\lib\\index.js"} {"metadata":{"emulator":{"name":"functions"},"message":"[runtime-status] [14308] Resolved module firebase-functions {\"declared\":true,\"installed\":true,\"version\":\"3.14.1\",\"resolution\":\"E:\\\\Hotel Finder\\\\hotel-finder-app\\\\hotelFinder\\\\functions\\\\node_modules\\\\firebase-functions\\\\lib\\\\index.js\"}"}}
[debug] [2021-11-19T10:43:21.719Z] [runtime-status] [14308] firebase-admin has been stubbed. {"adminResolution":{"declared":true,"installed":true,"version":"9.9.0","resolution":"E:\\Hotel Finder\\hotel-finder-app\\hotelFinder\\functions\\node_modules\\firebase-admin\\lib\\index.js"}} {"metadata":{"emulator":{"name":"functions"},"message":"[runtime-status] [14308] firebase-admin has been stubbed. {\"adminResolution\":{\"declared\":true,\"installed\":true,\"version\":\"9.9.0\",\"resolution\":\"E:\\\\Hotel Finder\\\\hotel-finder-app\\\\hotelFinder\\\\functions\\\\node_modules\\\\firebase-admin\\\\lib\\\\index.js\"}}"}}
[info] +  functions[us-central1-api]: http function initialized (http://localhost:5001/hotel-finder-34fbd/us-central1/api). {"metadata":{"emulator":{"name":"functions"},"message":"\u001b[1mhttp\u001b[22m function initialized (http://localhost:5001/hotel-finder-34fbd/us-central1/api)."}}
[info] 
┌─────────────────────────────────────────────────────────────┐
│ ✔  All emulators ready! It is now safe to connect your app. │
│ i  View Emulator UI at http://localhost:4000                │
└─────────────────────────────────────────────────────────────┘

┌───────────┬────────────────┬─────────────────────────────────┐
│ Emulator  │ Host:Port      │ View in Emulator UI             │
├───────────┼────────────────┼─────────────────────────────────┤
│ Functions │ localhost:5001 │ http://localhost:4000/functions │
└───────────┴────────────────┴─────────────────────────────────┘
  Emulator Hub running at localhost:4400
  Other reserved ports: 4500

Issues? Report them at https://github.com/firebase/firebase-tools/issues and attach the *-debug.log files.
 
[debug] [2021-11-19T10:43:22.016Z] [worker-~diagnostic~-3fe85a4f-5347-40e2-a1e5-3195ebf0be10]: IDLE {"metadata":{"emulator":{"name":"functions"},"message":"[worker-~diagnostic~-3fe85a4f-5347-40e2-a1e5-3195ebf0be10]: IDLE"}}
[debug] [2021-11-19T10:43:56.306Z] [work-queue] {"queueLength":1,"workRunningCount":0}
[debug] [2021-11-19T10:43:56.307Z] [work-queue] {"queueLength":0,"workRunningCount":1}
[debug] [2021-11-19T10:43:56.307Z] Accepted request POST /hotel-finder-34fbd/us-central1/api/payments/create?total=NaN --> us-central1-api
[debug] [2021-11-19T10:43:56.610Z] [worker-pool] addWorker(us-central1-api) {"metadata":{"emulator":{"name":"functions"},"message":"[worker-pool] addWorker(us-central1-api)"}}
[debug] [2021-11-19T10:43:56.611Z] [worker-pool] Adding worker with key us-central1-api, total=1 {"metadata":{"emulator":{"name":"functions"},"message":"[worker-pool] Adding worker with key us-central1-api, total=1"}}
[debug] [2021-11-19T10:43:56.611Z] [worker-pool] submitWork(triggerId=us-central1-api) {"metadata":{"emulator":{"name":"functions"},"message":"[worker-pool] submitWork(triggerId=us-central1-api)"}}
[debug] [2021-11-19T10:43:56.612Z] [worker-us-central1-api-737a56a3-587f-4841-8fbd-9c766cacb2e5]: Assigning socketPath: \\?\pipe\E:\Hotel Finder\hotel-finder-app\hotelFinder\functions\11928 {"metadata":{"emulator":{"name":"functions"},"message":"[worker-us-central1-api-737a56a3-587f-4841-8fbd-9c766cacb2e5]: Assigning socketPath: \\\\?\\pipe\\E:\\Hotel Finder\\hotel-finder-app\\hotelFinder\\functions\\11928"}}
[debug] [2021-11-19T10:43:56.612Z] [worker-us-central1-api-737a56a3-587f-4841-8fbd-9c766cacb2e5]: BUSY {"metadata":{"emulator":{"name":"functions"},"message":"[worker-us-central1-api-737a56a3-587f-4841-8fbd-9c766cacb2e5]: BUSY"}}
[debug] [2021-11-19T10:43:56.892Z] [runtime-status] [11928] Functions runtime initialized. {"cwd":"E:\\Hotel Finder\\hotel-finder-app\\hotelFinder\\functions","node_version":"14.15.4"} {"metadata":{"emulator":{"name":"functions"},"function":{"name":"us-central1-api"},"message":"[runtime-status] [11928] Functions runtime initialized. {\"cwd\":\"E:\\\\Hotel Finder\\\\hotel-finder-app\\\\hotelFinder\\\\functions\",\"node_version\":\"14.15.4\"}"}}
[debug] [2021-11-19T10:43:56.893Z] [runtime-status] [11928] Disabled runtime features: undefined {"metadata":{"emulator":{"name":"functions"},"function":{"name":"us-central1-api"},"message":"[runtime-status] [11928] Disabled runtime features: undefined"}}
[debug] [2021-11-19T10:43:56.898Z] [runtime-status] [11928] Resolved module firebase-admin {"declared":true,"installed":true,"version":"9.9.0","resolution":"E:\\Hotel Finder\\hotel-finder-app\\hotelFinder\\functions\\node_modules\\firebase-admin\\lib\\index.js"} {"metadata":{"emulator":{"name":"functions"},"function":{"name":"us-central1-api"},"message":"[runtime-status] [11928] Resolved module firebase-admin {\"declared\":true,\"installed\":true,\"version\":\"9.9.0\",\"resolution\":\"E:\\\\Hotel Finder\\\\hotel-finder-app\\\\hotelFinder\\\\functions\\\\node_modules\\\\firebase-admin\\\\lib\\\\index.js\"}"}}
[debug] [2021-11-19T10:43:56.899Z] [runtime-status] [11928] Resolved module firebase-functions {"declared":true,"installed":true,"version":"3.14.1","resolution":"E:\\Hotel Finder\\hotel-finder-app\\hotelFinder\\functions\\node_modules\\firebase-functions\\lib\\index.js"} {"metadata":{"emulator":{"name":"functions"},"function":{"name":"us-central1-api"},"message":"[runtime-status] [11928] Resolved module firebase-functions {\"declared\":true,\"installed\":true,\"version\":\"3.14.1\",\"resolution\":\"E:\\\\Hotel Finder\\\\hotel-finder-app\\\\hotelFinder\\\\functions\\\\node_modules\\\\firebase-functions\\\\lib\\\\index.js\"}"}}
[debug] [2021-11-19T10:43:56.901Z] [runtime-status] [11928] Outgoing network have been stubbed. [{"name":"http","status":"mocked"},{"name":"http","status":"mocked"},{"name":"https","status":"mocked"},{"name":"https","status":"mocked"},{"name":"net","status":"mocked"}] {"metadata":{"emulator":{"name":"functions"},"function":{"name":"us-central1-api"},"message":"[runtime-status] [11928] Outgoing network have been stubbed. [{\"name\":\"http\",\"status\":\"mocked\"},{\"name\":\"http\",\"status\":\"mocked\"},{\"name\":\"https\",\"status\":\"mocked\"},{\"name\":\"https\",\"status\":\"mocked\"},{\"name\":\"net\",\"status\":\"mocked\"}]"}}
[debug] [2021-11-19T10:43:56.902Z] [runtime-status] [11928] Resolved module firebase-functions {"declared":true,"installed":true,"version":"3.14.1","resolution":"E:\\Hotel Finder\\hotel-finder-app\\hotelFinder\\functions\\node_modules\\firebase-functions\\lib\\index.js"} {"metadata":{"emulator":{"name":"functions"},"function":{"name":"us-central1-api"},"message":"[runtime-status] [11928] Resolved module firebase-functions {\"declared\":true,\"installed\":true,\"version\":\"3.14.1\",\"resolution\":\"E:\\\\Hotel Finder\\\\hotel-finder-app\\\\hotelFinder\\\\functions\\\\node_modules\\\\firebase-functions\\\\lib\\\\index.js\"}"}}
[debug] [2021-11-19T10:43:56.960Z] [runtime-status] [11928] Checked functions.config() {"config":{}} {"metadata":{"emulator":{"name":"functions"},"function":{"name":"us-central1-api"},"message":"[runtime-status] [11928] Checked functions.config() {\"config\":{}}"}}
[debug] [2021-11-19T10:43:56.961Z] [runtime-status] [11928] firebase-functions has been stubbed. {"functionsResolution":{"declared":true,"installed":true,"version":"3.14.1","resolution":"E:\\Hotel Finder\\hotel-finder-app\\hotelFinder\\functions\\node_modules\\firebase-functions\\lib\\index.js"}} {"metadata":{"emulator":{"name":"functions"},"function":{"name":"us-central1-api"},"message":"[runtime-status] [11928] firebase-functions has been stubbed. {\"functionsResolution\":{\"declared\":true,\"installed\":true,\"version\":\"3.14.1\",\"resolution\":\"E:\\\\Hotel Finder\\\\hotel-finder-app\\\\hotelFinder\\\\functions\\\\node_modules\\\\firebase-functions\\\\lib\\\\index.js\"}}"}}
[debug] [2021-11-19T10:43:56.961Z] [runtime-status] [11928] Resolved module firebase-functions {"declared":true,"installed":true,"version":"3.14.1","resolution":"E:\\Hotel Finder\\hotel-finder-app\\hotelFinder\\functions\\node_modules\\firebase-functions\\lib\\index.js"} {"metadata":{"emulator":{"name":"functions"},"function":{"name":"us-central1-api"},"message":"[runtime-status] [11928] Resolved module firebase-functions {\"declared\":true,\"installed\":true,\"version\":\"3.14.1\",\"resolution\":\"E:\\\\Hotel Finder\\\\hotel-finder-app\\\\hotelFinder\\\\functions\\\\node_modules\\\\firebase-functions\\\\lib\\\\index.js\"}"}}
[debug] [2021-11-19T10:43:56.963Z] [runtime-status] [11928] Resolved module firebase-admin {"declared":true,"installed":true,"version":"9.9.0","resolution":"E:\\Hotel Finder\\hotel-finder-app\\hotelFinder\\functions\\node_modules\\firebase-admin\\lib\\index.js"} {"metadata":{"emulator":{"name":"functions"},"function":{"name":"us-central1-api"},"message":"[runtime-status] [11928] Resolved module firebase-admin {\"declared\":true,\"installed\":true,\"version\":\"9.9.0\",\"resolution\":\"E:\\\\Hotel Finder\\\\hotel-finder-app\\\\hotelFinder\\\\functions\\\\node_modules\\\\firebase-admin\\\\lib\\\\index.js\"}"}}
[debug] [2021-11-19T10:43:56.963Z] [runtime-status] [11928] Resolved module firebase-functions {"declared":true,"installed":true,"version":"3.14.1","resolution":"E:\\Hotel Finder\\hotel-finder-app\\hotelFinder\\functions\\node_modules\\firebase-functions\\lib\\index.js"} {"metadata":{"emulator":{"name":"functions"},"function":{"name":"us-central1-api"},"message":"[runtime-status] [11928] Resolved module firebase-functions {\"declared\":true,\"installed\":true,\"version\":\"3.14.1\",\"resolution\":\"E:\\\\Hotel Finder\\\\hotel-finder-app\\\\hotelFinder\\\\functions\\\\node_modules\\\\firebase-functions\\\\lib\\\\index.js\"}"}}
[debug] [2021-11-19T10:43:56.964Z] [runtime-status] [11928] firebase-admin has been stubbed. {"adminResolution":{"declared":true,"installed":true,"version":"9.9.0","resolution":"E:\\Hotel Finder\\hotel-finder-app\\hotelFinder\\functions\\node_modules\\firebase-admin\\lib\\index.js"}} {"metadata":{"emulator":{"name":"functions"},"function":{"name":"us-central1-api"},"message":"[runtime-status] [11928] firebase-admin has been stubbed. {\"adminResolution\":{\"declared\":true,\"installed\":true,\"version\":\"9.9.0\",\"resolution\":\"E:\\\\Hotel Finder\\\\hotel-finder-app\\\\hotelFinder\\\\functions\\\\node_modules\\\\firebase-admin\\\\lib\\\\index.js\"}}"}}
[debug] [2021-11-19T10:43:57.312Z] [runtime-status] [11928] Trigger "us-central1-api" has been found, beginning invocation! {"metadata":{"emulator":{"name":"functions"},"function":{"name":"us-central1-api"},"message":"[runtime-status] [11928] Trigger \"us-central1-api\" has been found, beginning invocation!"}}
[info] i  functions: Beginning execution of "us-central1-api" {"metadata":{"emulator":{"name":"functions"},"function":{"name":"us-central1-api"},"message":"Beginning execution of \"us-central1-api\""}}
[debug] [2021-11-19T10:43:57.313Z] [runtime-status] [11928] triggerDefinition {"httpsTrigger":{},"name":"api","entryPoint":"api","regions":["us-central1"],"region":"us-central1","id":"us-central1-api"} {"metadata":{"emulator":{"name":"functions"},"function":{"name":"us-central1-api"},"message":"[runtime-status] [11928] triggerDefinition {\"httpsTrigger\":{},\"name\":\"api\",\"entryPoint\":\"api\",\"regions\":[\"us-central1\"],\"region\":\"us-central1\",\"id\":\"us-central1-api\"}"}}
[debug] [2021-11-19T10:43:57.314Z] [runtime-status] [11928] Running us-central1-api in signature http {"metadata":{"emulator":{"name":"functions"},"function":{"name":"us-central1-api"},"message":"[runtime-status] [11928] Running us-central1-api in signature http"}}
[debug] [2021-11-19T10:43:57.320Z] [runtime-status] [11928] Attempting to listen to socketPath: \\?\pipe\E:\Hotel Finder\hotel-finder-app\hotelFinder\functions\11928 {"metadata":{"emulator":{"name":"functions"},"function":{"name":"us-central1-api"},"message":"[runtime-status] [11928] Attempting to listen to socketPath: \\\\?\\pipe\\E:\\Hotel Finder\\hotel-finder-app\\hotelFinder\\functions\\11928"}}
[debug] [2021-11-19T10:43:57.324Z] [functions] Runtime ready! Sending request! {"metadata":{"emulator":{"name":"functions"},"message":"[functions] Runtime ready! Sending request!"}}
[debug] [2021-11-19T10:43:57.325Z] [functions] Got req.url=/hotel-finder-34fbd/us-central1/api/payments/create?total=NaN, mapping to path=/payments/create?total=NaN {"metadata":{"emulator":{"name":"functions"},"message":"[functions] Got req.url=/hotel-finder-34fbd/us-central1/api/payments/create?total=NaN, mapping to path=/payments/create?total=NaN"}}
[debug] [2021-11-19T10:43:57.338Z] [runtime-status] [11928] Ephemeral server handling POST request {"metadata":{"emulator":{"name":"functions"},"function":{"name":"us-central1-api"},"message":"[runtime-status] [11928] Ephemeral server handling POST request"}}
[info] >  Payment Request Recieved BOOM!!!!! for this object NaN {"user":"Payment Request Recieved BOOM!!!!! for this object NaN","metadata":{"emulator":{"name":"functions"},"function":{"name":"us-central1-api"},"message":"\u001b[90m> \u001b[39m Payment Request Recieved BOOM!!!!! for this object NaN"}}
[debug] [2021-11-19T10:43:57.391Z] [runtime-status] [11928] Ephemeral server survived. {"metadata":{"emulator":{"name":"functions"},"function":{"name":"us-central1-api"},"message":"[runtime-status] [11928] Ephemeral server survived."}}
[info] >  (node:11928) UnhandledPromiseRejectionWarning: Error: Invalid integer: NaN {"user":"(node:11928) UnhandledPromiseRejectionWarning: Error: Invalid integer: NaN","metadata":{"emulator":{"name":"functions"},"function":{"name":"us-central1-api"},"message":"\u001b[90m> \u001b[39m (node:11928) UnhandledPromiseRejectionWarning: Error: Invalid integer: NaN"}}
[info] >      at Function.generate (E:\Hotel Finder\hotel-finder-app\hotelFinder\functions\node_modules\stripe\lib\Error.js:40:16) {"user":"    at Function.generate (E:\\Hotel Finder\\hotel-finder-app\\hotelFinder\\functions\\node_modules\\stripe\\lib\\Error.js:40:16)","metadata":{"emulator":{"name":"functions"},"function":{"name":"us-central1-api"},"message":"\u001b[90m> \u001b[39m     at Function.generate (E:\\Hotel Finder\\hotel-finder-app\\hotelFinder\\functions\\node_modules\\stripe\\lib\\Error.js:40:16)"}}
[info] >      at IncomingMessage.<anonymous> (E:\Hotel Finder\hotel-finder-app\hotelFinder\functions\node_modules\stripe\lib\StripeResource.js:180:33) {"user":"    at IncomingMessage.<anonymous> (E:\\Hotel Finder\\hotel-finder-app\\hotelFinder\\functions\\node_modules\\stripe\\lib\\StripeResource.js:180:33)","metadata":{"emulator":{"name":"functions"},"function":{"name":"us-central1-api"},"message":"\u001b[90m> \u001b[39m     at IncomingMessage.<anonymous> (E:\\Hotel Finder\\hotel-finder-app\\hotelFinder\\functions\\node_modules\\stripe\\lib\\StripeResource.js:180:33)"}}
[info] >      at Object.onceWrapper (events.js:421:28) {"user":"    at Object.onceWrapper (events.js:421:28)","metadata":{"emulator":{"name":"functions"},"function":{"name":"us-central1-api"},"message":"\u001b[90m> \u001b[39m     at Object.onceWrapper (events.js:421:28)"}}
[info] >      at IncomingMessage.emit (events.js:327:22) {"user":"    at IncomingMessage.emit (events.js:327:22)","metadata":{"emulator":{"name":"functions"},"function":{"name":"us-central1-api"},"message":"\u001b[90m> \u001b[39m     at IncomingMessage.emit (events.js:327:22)"}}
[info] >      at endReadableNT (internal/streams/readable.js:1327:12) {"user":"    at endReadableNT (internal/streams/readable.js:1327:12)","metadata":{"emulator":{"name":"functions"},"function":{"name":"us-central1-api"},"message":"\u001b[90m> \u001b[39m     at endReadableNT (internal/streams/readable.js:1327:12)"}}
[info] >      at processTicksAndRejections (internal/process/task_queues.js:80:21) {"user":"    at processTicksAndRejections (internal/process/task_queues.js:80:21)","metadata":{"emulator":{"name":"functions"},"function":{"name":"us-central1-api"},"message":"\u001b[90m> \u001b[39m     at processTicksAndRejections (internal/process/task_queues.js:80:21)"}}
[info] >  (Use `node --trace-warnings ...` to show where the warning was created) {"user":"(Use `node --trace-warnings ...` to show where the warning was created)","metadata":{"emulator":{"name":"functions"},"function":{"name":"us-central1-api"},"message":"\u001b[90m> \u001b[39m (Use `node --trace-warnings ...` to show where the warning was created)"}}
[info] >  (node:11928) UnhandledPromiseRejectionWarning: Unhandled promise rejection. This error originated either by throwing inside of an async function without a catch block, or by rejecting a promise which was not handled with .catch(). To terminate the node process on unhandled promise rejection, use the CLI flag `--unhandled-rejections=strict` (see https://nodejs.org/api/cli.html#cli_unhandled_rejections_mode). (rejection id: 1) {"user":"(node:11928) UnhandledPromiseRejectionWarning: Unhandled promise rejection. This error originated either by throwing inside of an async function without a catch block, or by rejecting a promise which was not handled with .catch(). To terminate the node process on unhandled promise rejection, use the CLI flag `--unhandled-rejections=strict` (see https://nodejs.org/api/cli.html#cli_unhandled_rejections_mode). (rejection id: 1)","metadata":{"emulator":{"name":"functions"},"function":{"name":"us-central1-api"},"message":"\u001b[90m> \u001b[39m (node:11928) UnhandledPromiseRejectionWarning: Unhandled promise rejection. This error originated either by throwing inside of an async function without a catch block, or by rejecting a promise which was not handled with .catch(). To terminate the node process on unhandled promise rejection, use the CLI flag `--unhandled-rejections=strict` (see https://nodejs.org/api/cli.html#cli_unhandled_rejections_mode). (rejection id: 1)"}}
[info] >  (node:11928) [DEP0018] DeprecationWarning: Unhandled promise rejections are deprecated. In the future, promise rejections that are not handled will terminate the Node.js process with a non-zero exit code. {"user":"(node:11928) [DEP0018] DeprecationWarning: Unhandled promise rejections are deprecated. In the future, promise rejections that are not handled will terminate the Node.js process with a non-zero exit code.","metadata":{"emulator":{"name":"functions"},"function":{"name":"us-central1-api"},"message":"\u001b[90m> \u001b[39m (node:11928) [DEP0018] DeprecationWarning: Unhandled promise rejections are deprecated. In the future, promise rejections that are not handled will terminate the Node.js process with a non-zero exit code."}}
[warn] !  functions: Your function timed out after ~60s. To configure this timeout, see
      https://firebase.google.com/docs/functions/manage-functions#set_timeout_and_memory_allocation. {"metadata":{"emulator":{"name":"functions"},"function":{"name":"us-central1-api"},"message":"Your function timed out after ~60s. To configure this timeout, see\n      https://firebase.google.com/docs/functions/manage-functions#set_timeout_and_memory_allocation."}}
[info] >  C:\Users\kwibuka confianc\AppData\Roaming\npm\node_modules\firebase-tools\lib\emulator\functionsEmulatorRuntime.js:582 {"user":"C:\\Users\\kwibuka confianc\\AppData\\Roaming\\npm\\node_modules\\firebase-tools\\lib\\emulator\\functionsEmulatorRuntime.js:582\r","metadata":{"emulator":{"name":"functions"},"function":{"name":"us-central1-api"},"message":"\u001b[90m> \u001b[39m C:\\Users\\kwibuka confianc\\AppData\\Roaming\\npm\\node_modules\\firebase-tools\\lib\\emulator\\functionsEmulatorRuntime.js:582\r"}}
[info] >              throw new Error("Function timed out."); {"user":"            throw new Error(\"Function timed out.\");\r","metadata":{"emulator":{"name":"functions"},"function":{"name":"us-central1-api"},"message":"\u001b[90m> \u001b[39m             throw new Error(\"Function timed out.\");\r"}}
[info] >              ^ {"user":"            ^\r","metadata":{"emulator":{"name":"functions"},"function":{"name":"us-central1-api"},"message":"\u001b[90m> \u001b[39m             ^\r"}}
[info] >   {"user":"\r","metadata":{"emulator":{"name":"functions"},"function":{"name":"us-central1-api"},"message":"\u001b[90m> \u001b[39m \r"}}
[info] >  Error: Function timed out. {"user":"Error: Function timed out.\r","metadata":{"emulator":{"name":"functions"},"function":{"name":"us-central1-api"},"message":"\u001b[90m> \u001b[39m Error: Function timed out.\r"}}
[info] >      at Timeout._onTimeout (C:\Users\kwibuka confianc\AppData\Roaming\npm\node_modules\firebase-tools\lib\emulator\functionsEmulatorRuntime.js:582:19) {"user":"    at Timeout._onTimeout (C:\\Users\\kwibuka confianc\\AppData\\Roaming\\npm\\node_modules\\firebase-tools\\lib\\emulator\\functionsEmulatorRuntime.js:582:19)\r","metadata":{"emulator":{"name":"functions"},"function":{"name":"us-central1-api"},"message":"\u001b[90m> \u001b[39m     at Timeout._onTimeout (C:\\Users\\kwibuka confianc\\AppData\\Roaming\\npm\\node_modules\\firebase-tools\\lib\\emulator\\functionsEmulatorRuntime.js:582:19)\r"}}
[info] >      at listOnTimeout (internal/timers.js:554:17) {"user":"    at listOnTimeout (internal/timers.js:554:17)\r","metadata":{"emulator":{"name":"functions"},"function":{"name":"us-central1-api"},"message":"\u001b[90m> \u001b[39m     at listOnTimeout (internal/timers.js:554:17)\r"}}
[info] >      at processTimers (internal/timers.js:497:7) {"user":"    at processTimers (internal/timers.js:497:7)\r","metadata":{"emulator":{"name":"functions"},"function":{"name":"us-central1-api"},"message":"\u001b[90m> \u001b[39m     at processTimers (internal/timers.js:497:7)\r"}}
[debug] [2021-11-19T10:44:57.386Z] [worker-us-central1-api-737a56a3-587f-4841-8fbd-9c766cacb2e5]: exited {"metadata":{"emulator":{"name":"functions"},"message":"[worker-us-central1-api-737a56a3-587f-4841-8fbd-9c766cacb2e5]: exited"}}
[debug] [2021-11-19T10:44:57.387Z] [worker-us-central1-api-737a56a3-587f-4841-8fbd-9c766cacb2e5]: FINISHED {"metadata":{"emulator":{"name":"functions"},"message":"[worker-us-central1-api-737a56a3-587f-4841-8fbd-9c766cacb2e5]: FINISHED"}}
[debug] [2021-11-19T10:44:57.387Z] [work-queue] {"queueLength":0,"workRunningCount":0}
[debug] [2021-11-19T10:57:00.799Z] [work-queue] {"queueLength":1,"workRunningCount":0}
[debug] [2021-11-19T10:57:00.800Z] [work-queue] {"queueLength":0,"workRunningCount":1}
[debug] [2021-11-19T10:57:00.800Z] Accepted request POST /hotel-finder-34fbd/us-central1/api/payments/create?total=235570 --> us-central1-api
[debug] [2021-11-19T10:57:00.800Z] [worker-pool] Cleaned up workers for us-central1-api: 1 --> 0 {"metadata":{"emulator":{"name":"functions"},"message":"[worker-pool] Cleaned up workers for us-central1-api: 1 --> 0"}}
[debug] [2021-11-19T10:57:01.121Z] [worker-pool] addWorker(us-central1-api) {"metadata":{"emulator":{"name":"functions"},"message":"[worker-pool] addWorker(us-central1-api)"}}
[debug] [2021-11-19T10:57:01.121Z] [worker-pool] Adding worker with key us-central1-api, total=1 {"metadata":{"emulator":{"name":"functions"},"message":"[worker-pool] Adding worker with key us-central1-api, total=1"}}
[debug] [2021-11-19T10:57:01.121Z] [worker-pool] submitWork(triggerId=us-central1-api) {"metadata":{"emulator":{"name":"functions"},"message":"[worker-pool] submitWork(triggerId=us-central1-api)"}}
[debug] [2021-11-19T10:57:01.121Z] [worker-us-central1-api-82de5386-2e51-4e07-8ced-31f5bef3ac3a]: Assigning socketPath: \\?\pipe\E:\Hotel Finder\hotel-finder-app\hotelFinder\functions\3472 {"metadata":{"emulator":{"name":"functions"},"message":"[worker-us-central1-api-82de5386-2e51-4e07-8ced-31f5bef3ac3a]: Assigning socketPath: \\\\?\\pipe\\E:\\Hotel Finder\\hotel-finder-app\\hotelFinder\\functions\\3472"}}
[debug] [2021-11-19T10:57:01.122Z] [worker-us-central1-api-82de5386-2e51-4e07-8ced-31f5bef3ac3a]: BUSY {"metadata":{"emulator":{"name":"functions"},"message":"[worker-us-central1-api-82de5386-2e51-4e07-8ced-31f5bef3ac3a]: BUSY"}}
[debug] [2021-11-19T10:57:01.403Z] [work-queue] {"queueLength":1,"workRunningCount":1}
[debug] [2021-11-19T10:57:01.403Z] [work-queue] {"queueLength":0,"workRunningCount":2}
[debug] [2021-11-19T10:57:01.403Z] Accepted request POST /hotel-finder-34fbd/us-central1/api/payments/create?total=235570 --> us-central1-api
[debug] [2021-11-19T10:57:01.808Z] [worker-pool] addWorker(us-central1-api) {"metadata":{"emulator":{"name":"functions"},"message":"[worker-pool] addWorker(us-central1-api)"}}
[debug] [2021-11-19T10:57:01.808Z] [worker-pool] Adding worker with key us-central1-api, total=2 {"metadata":{"emulator":{"name":"functions"},"message":"[worker-pool] Adding worker with key us-central1-api, total=2"}}
[debug] [2021-11-19T10:57:01.809Z] [worker-pool] submitWork(triggerId=us-central1-api) {"metadata":{"emulator":{"name":"functions"},"message":"[worker-pool] submitWork(triggerId=us-central1-api)"}}
[debug] [2021-11-19T10:57:01.809Z] [worker-us-central1-api-8dbd197c-164a-4897-aff2-418861ba643b]: Assigning socketPath: \\?\pipe\E:\Hotel Finder\hotel-finder-app\hotelFinder\functions\2224 {"metadata":{"emulator":{"name":"functions"},"message":"[worker-us-central1-api-8dbd197c-164a-4897-aff2-418861ba643b]: Assigning socketPath: \\\\?\\pipe\\E:\\Hotel Finder\\hotel-finder-app\\hotelFinder\\functions\\2224"}}
[debug] [2021-11-19T10:57:01.809Z] [worker-us-central1-api-8dbd197c-164a-4897-aff2-418861ba643b]: BUSY {"metadata":{"emulator":{"name":"functions"},"message":"[worker-us-central1-api-8dbd197c-164a-4897-aff2-418861ba643b]: BUSY"}}
[debug] [2021-11-19T10:57:01.810Z] [runtime-status] [3472] Functions runtime initialized. {"cwd":"E:\\Hotel Finder\\hotel-finder-app\\hotelFinder\\functions","node_version":"14.15.4"} {"metadata":{"emulator":{"name":"functions"},"function":{"name":"us-central1-api"},"message":"[runtime-status] [3472] Functions runtime initialized. {\"cwd\":\"E:\\\\Hotel Finder\\\\hotel-finder-app\\\\hotelFinder\\\\functions\",\"node_version\":\"14.15.4\"}"}}
[debug] [2021-11-19T10:57:01.810Z] [runtime-status] [3472] Disabled runtime features: undefined {"metadata":{"emulator":{"name":"functions"},"function":{"name":"us-central1-api"},"message":"[runtime-status] [3472] Disabled runtime features: undefined"}}
[debug] [2021-11-19T10:57:01.811Z] [runtime-status] [3472] Resolved module firebase-admin {"declared":true,"installed":true,"version":"9.9.0","resolution":"E:\\Hotel Finder\\hotel-finder-app\\hotelFinder\\functions\\node_modules\\firebase-admin\\lib\\index.js"} {"metadata":{"emulator":{"name":"functions"},"function":{"name":"us-central1-api"},"message":"[runtime-status] [3472] Resolved module firebase-admin {\"declared\":true,\"installed\":true,\"version\":\"9.9.0\",\"resolution\":\"E:\\\\Hotel Finder\\\\hotel-finder-app\\\\hotelFinder\\\\functions\\\\node_modules\\\\firebase-admin\\\\lib\\\\index.js\"}"}}
[debug] [2021-11-19T10:57:01.811Z] [runtime-status] [3472] Resolved module firebase-functions {"declared":true,"installed":true,"version":"3.14.1","resolution":"E:\\Hotel Finder\\hotel-finder-app\\hotelFinder\\functions\\node_modules\\firebase-functions\\lib\\index.js"} {"metadata":{"emulator":{"name":"functions"},"function":{"name":"us-central1-api"},"message":"[runtime-status] [3472] Resolved module firebase-functions {\"declared\":true,\"installed\":true,\"version\":\"3.14.1\",\"resolution\":\"E:\\\\Hotel Finder\\\\hotel-finder-app\\\\hotelFinder\\\\functions\\\\node_modules\\\\firebase-functions\\\\lib\\\\index.js\"}"}}
[debug] [2021-11-19T10:57:01.811Z] [runtime-status] [3472] Outgoing network have been stubbed. [{"name":"http","status":"mocked"},{"name":"http","status":"mocked"},{"name":"https","status":"mocked"},{"name":"https","status":"mocked"},{"name":"net","status":"mocked"}] {"metadata":{"emulator":{"name":"functions"},"function":{"name":"us-central1-api"},"message":"[runtime-status] [3472] Outgoing network have been stubbed. [{\"name\":\"http\",\"status\":\"mocked\"},{\"name\":\"http\",\"status\":\"mocked\"},{\"name\":\"https\",\"status\":\"mocked\"},{\"name\":\"https\",\"status\":\"mocked\"},{\"name\":\"net\",\"status\":\"mocked\"}]"}}
[debug] [2021-11-19T10:57:01.811Z] [runtime-status] [3472] Resolved module firebase-functions {"declared":true,"installed":true,"version":"3.14.1","resolution":"E:\\Hotel Finder\\hotel-finder-app\\hotelFinder\\functions\\node_modules\\firebase-functions\\lib\\index.js"} {"metadata":{"emulator":{"name":"functions"},"function":{"name":"us-central1-api"},"message":"[runtime-status] [3472] Resolved module firebase-functions {\"declared\":true,\"installed\":true,\"version\":\"3.14.1\",\"resolution\":\"E:\\\\Hotel Finder\\\\hotel-finder-app\\\\hotelFinder\\\\functions\\\\node_modules\\\\firebase-functions\\\\lib\\\\index.js\"}"}}
[debug] [2021-11-19T10:57:01.812Z] [runtime-status] [3472] Checked functions.config() {"config":{}} {"metadata":{"emulator":{"name":"functions"},"function":{"name":"us-central1-api"},"message":"[runtime-status] [3472] Checked functions.config() {\"config\":{}}"}}
[debug] [2021-11-19T10:57:01.812Z] [runtime-status] [3472] firebase-functions has been stubbed. {"functionsResolution":{"declared":true,"installed":true,"version":"3.14.1","resolution":"E:\\Hotel Finder\\hotel-finder-app\\hotelFinder\\functions\\node_modules\\firebase-functions\\lib\\index.js"}} {"metadata":{"emulator":{"name":"functions"},"function":{"name":"us-central1-api"},"message":"[runtime-status] [3472] firebase-functions has been stubbed. {\"functionsResolution\":{\"declared\":true,\"installed\":true,\"version\":\"3.14.1\",\"resolution\":\"E:\\\\Hotel Finder\\\\hotel-finder-app\\\\hotelFinder\\\\functions\\\\node_modules\\\\firebase-functions\\\\lib\\\\index.js\"}}"}}
[debug] [2021-11-19T10:57:01.813Z] [runtime-status] [3472] Resolved module firebase-functions {"declared":true,"installed":true,"version":"3.14.1","resolution":"E:\\Hotel Finder\\hotel-finder-app\\hotelFinder\\functions\\node_modules\\firebase-functions\\lib\\index.js"} {"metadata":{"emulator":{"name":"functions"},"function":{"name":"us-central1-api"},"message":"[runtime-status] [3472] Resolved module firebase-functions {\"declared\":true,\"installed\":true,\"version\":\"3.14.1\",\"resolution\":\"E:\\\\Hotel Finder\\\\hotel-finder-app\\\\hotelFinder\\\\functions\\\\node_modules\\\\firebase-functions\\\\lib\\\\index.js\"}"}}
[debug] [2021-11-19T10:57:01.813Z] [runtime-status] [3472] Resolved module firebase-admin {"declared":true,"installed":true,"version":"9.9.0","resolution":"E:\\Hotel Finder\\hotel-finder-app\\hotelFinder\\functions\\node_modules\\firebase-admin\\lib\\index.js"} {"metadata":{"emulator":{"name":"functions"},"function":{"name":"us-central1-api"},"message":"[runtime-status] [3472] Resolved module firebase-admin {\"declared\":true,\"installed\":true,\"version\":\"9.9.0\",\"resolution\":\"E:\\\\Hotel Finder\\\\hotel-finder-app\\\\hotelFinder\\\\functions\\\\node_modules\\\\firebase-admin\\\\lib\\\\index.js\"}"}}
[debug] [2021-11-19T10:57:01.814Z] [runtime-status] [3472] Resolved module firebase-functions {"declared":true,"installed":true,"version":"3.14.1","resolution":"E:\\Hotel Finder\\hotel-finder-app\\hotelFinder\\functions\\node_modules\\firebase-functions\\lib\\index.js"} {"metadata":{"emulator":{"name":"functions"},"function":{"name":"us-central1-api"},"message":"[runtime-status] [3472] Resolved module firebase-functions {\"declared\":true,\"installed\":true,\"version\":\"3.14.1\",\"resolution\":\"E:\\\\Hotel Finder\\\\hotel-finder-app\\\\hotelFinder\\\\functions\\\\node_modules\\\\firebase-functions\\\\lib\\\\index.js\"}"}}
[debug] [2021-11-19T10:57:01.814Z] [runtime-status] [3472] firebase-admin has been stubbed. {"adminResolution":{"declared":true,"installed":true,"version":"9.9.0","resolution":"E:\\Hotel Finder\\hotel-finder-app\\hotelFinder\\functions\\node_modules\\firebase-admin\\lib\\index.js"}} {"metadata":{"emulator":{"name":"functions"},"function":{"name":"us-central1-api"},"message":"[runtime-status] [3472] firebase-admin has been stubbed. {\"adminResolution\":{\"declared\":true,\"installed\":true,\"version\":\"9.9.0\",\"resolution\":\"E:\\\\Hotel Finder\\\\hotel-finder-app\\\\hotelFinder\\\\functions\\\\node_modules\\\\firebase-admin\\\\lib\\\\index.js\"}}"}}
[debug] [2021-11-19T10:57:02.158Z] [runtime-status] [3472] Trigger "us-central1-api" has been found, beginning invocation! {"metadata":{"emulator":{"name":"functions"},"function":{"name":"us-central1-api"},"message":"[runtime-status] [3472] Trigger \"us-central1-api\" has been found, beginning invocation!"}}
[info] i  functions: Beginning execution of "us-central1-api" {"metadata":{"emulator":{"name":"functions"},"function":{"name":"us-central1-api"},"message":"Beginning execution of \"us-central1-api\""}}
[debug] [2021-11-19T10:57:02.160Z] [runtime-status] [3472] triggerDefinition {"httpsTrigger":{},"name":"api","entryPoint":"api","regions":["us-central1"],"region":"us-central1","id":"us-central1-api"} {"metadata":{"emulator":{"name":"functions"},"function":{"name":"us-central1-api"},"message":"[runtime-status] [3472] triggerDefinition {\"httpsTrigger\":{},\"name\":\"api\",\"entryPoint\":\"api\",\"regions\":[\"us-central1\"],\"region\":\"us-central1\",\"id\":\"us-central1-api\"}"}}
[debug] [2021-11-19T10:57:02.161Z] [runtime-status] [3472] Running us-central1-api in signature http {"metadata":{"emulator":{"name":"functions"},"function":{"name":"us-central1-api"},"message":"[runtime-status] [3472] Running us-central1-api in signature http"}}
[debug] [2021-11-19T10:57:02.166Z] [runtime-status] [3472] Attempting to listen to socketPath: \\?\pipe\E:\Hotel Finder\hotel-finder-app\hotelFinder\functions\3472 {"metadata":{"emulator":{"name":"functions"},"function":{"name":"us-central1-api"},"message":"[runtime-status] [3472] Attempting to listen to socketPath: \\\\?\\pipe\\E:\\Hotel Finder\\hotel-finder-app\\hotelFinder\\functions\\3472"}}
[debug] [2021-11-19T10:57:02.169Z] [functions] Runtime ready! Sending request! {"metadata":{"emulator":{"name":"functions"},"message":"[functions] Runtime ready! Sending request!"}}
[debug] [2021-11-19T10:57:02.170Z] [functions] Got req.url=/hotel-finder-34fbd/us-central1/api/payments/create?total=235570, mapping to path=/payments/create?total=235570 {"metadata":{"emulator":{"name":"functions"},"message":"[functions] Got req.url=/hotel-finder-34fbd/us-central1/api/payments/create?total=235570, mapping to path=/payments/create?total=235570"}}
[debug] [2021-11-19T10:57:02.184Z] [runtime-status] [3472] Ephemeral server handling POST request {"metadata":{"emulator":{"name":"functions"},"function":{"name":"us-central1-api"},"message":"[runtime-status] [3472] Ephemeral server handling POST request"}}
[info] >  Payment Request Recieved BOOM!!!!! for this object 235570 {"user":"Payment Request Recieved BOOM!!!!! for this object 235570","metadata":{"emulator":{"name":"functions"},"function":{"name":"us-central1-api"},"message":"\u001b[90m> \u001b[39m Payment Request Recieved BOOM!!!!! for this object 235570"}}
[debug] [2021-11-19T10:57:02.201Z] [runtime-status] [2224] Functions runtime initialized. {"cwd":"E:\\Hotel Finder\\hotel-finder-app\\hotelFinder\\functions","node_version":"14.15.4"} {"metadata":{"emulator":{"name":"functions"},"function":{"name":"us-central1-api"},"message":"[runtime-status] [2224] Functions runtime initialized. {\"cwd\":\"E:\\\\Hotel Finder\\\\hotel-finder-app\\\\hotelFinder\\\\functions\",\"node_version\":\"14.15.4\"}"}}
[debug] [2021-11-19T10:57:02.203Z] [runtime-status] [2224] Disabled runtime features: undefined {"metadata":{"emulator":{"name":"functions"},"function":{"name":"us-central1-api"},"message":"[runtime-status] [2224] Disabled runtime features: undefined"}}
[debug] [2021-11-19T10:57:02.210Z] [runtime-status] [2224] Resolved module firebase-admin {"declared":true,"installed":true,"version":"9.9.0","resolution":"E:\\Hotel Finder\\hotel-finder-app\\hotelFinder\\functions\\node_modules\\firebase-admin\\lib\\index.js"} {"metadata":{"emulator":{"name":"functions"},"function":{"name":"us-central1-api"},"message":"[runtime-status] [2224] Resolved module firebase-admin {\"declared\":true,\"installed\":true,\"version\":\"9.9.0\",\"resolution\":\"E:\\\\Hotel Finder\\\\hotel-finder-app\\\\hotelFinder\\\\functions\\\\node_modules\\\\firebase-admin\\\\lib\\\\index.js\"}"}}
[debug] [2021-11-19T10:57:02.213Z] [runtime-status] [2224] Resolved module firebase-functions {"declared":true,"installed":true,"version":"3.14.1","resolution":"E:\\Hotel Finder\\hotel-finder-app\\hotelFinder\\functions\\node_modules\\firebase-functions\\lib\\index.js"} {"metadata":{"emulator":{"name":"functions"},"function":{"name":"us-central1-api"},"message":"[runtime-status] [2224] Resolved module firebase-functions {\"declared\":true,\"installed\":true,\"version\":\"3.14.1\",\"resolution\":\"E:\\\\Hotel Finder\\\\hotel-finder-app\\\\hotelFinder\\\\functions\\\\node_modules\\\\firebase-functions\\\\lib\\\\index.js\"}"}}
[debug] [2021-11-19T10:57:02.217Z] [runtime-status] [2224] Outgoing network have been stubbed. [{"name":"http","status":"mocked"},{"name":"http","status":"mocked"},{"name":"https","status":"mocked"},{"name":"https","status":"mocked"},{"name":"net","status":"mocked"}] {"metadata":{"emulator":{"name":"functions"},"function":{"name":"us-central1-api"},"message":"[runtime-status] [2224] Outgoing network have been stubbed. [{\"name\":\"http\",\"status\":\"mocked\"},{\"name\":\"http\",\"status\":\"mocked\"},{\"name\":\"https\",\"status\":\"mocked\"},{\"name\":\"https\",\"status\":\"mocked\"},{\"name\":\"net\",\"status\":\"mocked\"}]"}}
[debug] [2021-11-19T10:57:02.218Z] [runtime-status] [3472] Ephemeral server survived. {"metadata":{"emulator":{"name":"functions"},"function":{"name":"us-central1-api"},"message":"[runtime-status] [3472] Ephemeral server survived."}}
[debug] [2021-11-19T10:57:02.218Z] [runtime-status] [2224] Resolved module firebase-functions {"declared":true,"installed":true,"version":"3.14.1","resolution":"E:\\Hotel Finder\\hotel-finder-app\\hotelFinder\\functions\\node_modules\\firebase-functions\\lib\\index.js"} {"metadata":{"emulator":{"name":"functions"},"function":{"name":"us-central1-api"},"message":"[runtime-status] [2224] Resolved module firebase-functions {\"declared\":true,\"installed\":true,\"version\":\"3.14.1\",\"resolution\":\"E:\\\\Hotel Finder\\\\hotel-finder-app\\\\hotelFinder\\\\functions\\\\node_modules\\\\firebase-functions\\\\lib\\\\index.js\"}"}}
[debug] [2021-11-19T10:57:02.381Z] [runtime-status] [2224] Checked functions.config() {"config":{}} {"metadata":{"emulator":{"name":"functions"},"function":{"name":"us-central1-api"},"message":"[runtime-status] [2224] Checked functions.config() {\"config\":{}}"}}
[debug] [2021-11-19T10:57:02.382Z] [runtime-status] [2224] firebase-functions has been stubbed. {"functionsResolution":{"declared":true,"installed":true,"version":"3.14.1","resolution":"E:\\Hotel Finder\\hotel-finder-app\\hotelFinder\\functions\\node_modules\\firebase-functions\\lib\\index.js"}} {"metadata":{"emulator":{"name":"functions"},"function":{"name":"us-central1-api"},"message":"[runtime-status] [2224] firebase-functions has been stubbed. {\"functionsResolution\":{\"declared\":true,\"installed\":true,\"version\":\"3.14.1\",\"resolution\":\"E:\\\\Hotel Finder\\\\hotel-finder-app\\\\hotelFinder\\\\functions\\\\node_modules\\\\firebase-functions\\\\lib\\\\index.js\"}}"}}
[debug] [2021-11-19T10:57:02.383Z] [runtime-status] [2224] Resolved module firebase-functions {"declared":true,"installed":true,"version":"3.14.1","resolution":"E:\\Hotel Finder\\hotel-finder-app\\hotelFinder\\functions\\node_modules\\firebase-functions\\lib\\index.js"} {"metadata":{"emulator":{"name":"functions"},"function":{"name":"us-central1-api"},"message":"[runtime-status] [2224] Resolved module firebase-functions {\"declared\":true,\"installed\":true,\"version\":\"3.14.1\",\"resolution\":\"E:\\\\Hotel Finder\\\\hotel-finder-app\\\\hotelFinder\\\\functions\\\\node_modules\\\\firebase-functions\\\\lib\\\\index.js\"}"}}
[debug] [2021-11-19T10:57:02.386Z] [runtime-status] [2224] Resolved module firebase-admin {"declared":true,"installed":true,"version":"9.9.0","resolution":"E:\\Hotel Finder\\hotel-finder-app\\hotelFinder\\functions\\node_modules\\firebase-admin\\lib\\index.js"} {"metadata":{"emulator":{"name":"functions"},"function":{"name":"us-central1-api"},"message":"[runtime-status] [2224] Resolved module firebase-admin {\"declared\":true,\"installed\":true,\"version\":\"9.9.0\",\"resolution\":\"E:\\\\Hotel Finder\\\\hotel-finder-app\\\\hotelFinder\\\\functions\\\\node_modules\\\\firebase-admin\\\\lib\\\\index.js\"}"}}
[debug] [2021-11-19T10:57:02.387Z] [runtime-status] [2224] Resolved module firebase-functions {"declared":true,"installed":true,"version":"3.14.1","resolution":"E:\\Hotel Finder\\hotel-finder-app\\hotelFinder\\functions\\node_modules\\firebase-functions\\lib\\index.js"} {"metadata":{"emulator":{"name":"functions"},"function":{"name":"us-central1-api"},"message":"[runtime-status] [2224] Resolved module firebase-functions {\"declared\":true,\"installed\":true,\"version\":\"3.14.1\",\"resolution\":\"E:\\\\Hotel Finder\\\\hotel-finder-app\\\\hotelFinder\\\\functions\\\\node_modules\\\\firebase-functions\\\\lib\\\\index.js\"}"}}
[debug] [2021-11-19T10:57:02.388Z] [runtime-status] [2224] firebase-admin has been stubbed. {"adminResolution":{"declared":true,"installed":true,"version":"9.9.0","resolution":"E:\\Hotel Finder\\hotel-finder-app\\hotelFinder\\functions\\node_modules\\firebase-admin\\lib\\index.js"}} {"metadata":{"emulator":{"name":"functions"},"function":{"name":"us-central1-api"},"message":"[runtime-status] [2224] firebase-admin has been stubbed. {\"adminResolution\":{\"declared\":true,\"installed\":true,\"version\":\"9.9.0\",\"resolution\":\"E:\\\\Hotel Finder\\\\hotel-finder-app\\\\hotelFinder\\\\functions\\\\node_modules\\\\firebase-admin\\\\lib\\\\index.js\"}}"}}
[debug] [2021-11-19T10:57:03.108Z] [runtime-status] [2224] Trigger "us-central1-api" has been found, beginning invocation! {"metadata":{"emulator":{"name":"functions"},"function":{"name":"us-central1-api"},"message":"[runtime-status] [2224] Trigger \"us-central1-api\" has been found, beginning invocation!"}}
[info] i  functions: Beginning execution of "us-central1-api" {"metadata":{"emulator":{"name":"functions"},"function":{"name":"us-central1-api"},"message":"Beginning execution of \"us-central1-api\""}}
[debug] [2021-11-19T10:57:03.110Z] [runtime-status] [2224] triggerDefinition {"httpsTrigger":{},"name":"api","entryPoint":"api","regions":["us-central1"],"region":"us-central1","id":"us-central1-api"} {"metadata":{"emulator":{"name":"functions"},"function":{"name":"us-central1-api"},"message":"[runtime-status] [2224] triggerDefinition {\"httpsTrigger\":{},\"name\":\"api\",\"entryPoint\":\"api\",\"regions\":[\"us-central1\"],\"region\":\"us-central1\",\"id\":\"us-central1-api\"}"}}
[debug] [2021-11-19T10:57:03.112Z] [runtime-status] [2224] Running us-central1-api in signature http {"metadata":{"emulator":{"name":"functions"},"function":{"name":"us-central1-api"},"message":"[runtime-status] [2224] Running us-central1-api in signature http"}}
[debug] [2021-11-19T10:57:03.119Z] [runtime-status] [2224] Attempting to listen to socketPath: \\?\pipe\E:\Hotel Finder\hotel-finder-app\hotelFinder\functions\2224 {"metadata":{"emulator":{"name":"functions"},"function":{"name":"us-central1-api"},"message":"[runtime-status] [2224] Attempting to listen to socketPath: \\\\?\\pipe\\E:\\Hotel Finder\\hotel-finder-app\\hotelFinder\\functions\\2224"}}
[debug] [2021-11-19T10:57:03.124Z] [functions] Runtime ready! Sending request! {"metadata":{"emulator":{"name":"functions"},"message":"[functions] Runtime ready! Sending request!"}}
[debug] [2021-11-19T10:57:03.125Z] [functions] Got req.url=/hotel-finder-34fbd/us-central1/api/payments/create?total=235570, mapping to path=/payments/create?total=235570 {"metadata":{"emulator":{"name":"functions"},"message":"[functions] Got req.url=/hotel-finder-34fbd/us-central1/api/payments/create?total=235570, mapping to path=/payments/create?total=235570"}}
[debug] [2021-11-19T10:57:03.140Z] [runtime-status] [2224] Ephemeral server handling POST request {"metadata":{"emulator":{"name":"functions"},"function":{"name":"us-central1-api"},"message":"[runtime-status] [2224] Ephemeral server handling POST request"}}
[info] >  Payment Request Recieved BOOM!!!!! for this object 235570 {"user":"Payment Request Recieved BOOM!!!!! for this object 235570","metadata":{"emulator":{"name":"functions"},"function":{"name":"us-central1-api"},"message":"\u001b[90m> \u001b[39m Payment Request Recieved BOOM!!!!! for this object 235570"}}
[debug] [2021-11-19T10:57:03.177Z] [runtime-status] [2224] Ephemeral server survived. {"metadata":{"emulator":{"name":"functions"},"function":{"name":"us-central1-api"},"message":"[runtime-status] [2224] Ephemeral server survived."}}
[info] i  functions: Finished "us-central1-api" in ~2s {"metadata":{"emulator":{"name":"functions"},"function":{"name":"us-central1-api"},"message":"Finished \"us-central1-api\" in ~2s"}}
[debug] [2021-11-19T10:57:04.672Z] [worker-us-central1-api-82de5386-2e51-4e07-8ced-31f5bef3ac3a]: IDLE {"metadata":{"emulator":{"name":"functions"},"message":"[worker-us-central1-api-82de5386-2e51-4e07-8ced-31f5bef3ac3a]: IDLE"}}
[debug] [2021-11-19T10:57:04.672Z] [work-queue] {"queueLength":0,"workRunningCount":1}
[info] i  functions: Finished "us-central1-api" in ~1s {"metadata":{"emulator":{"name":"functions"},"function":{"name":"us-central1-api"},"message":"Finished \"us-central1-api\" in ~1s"}}
[debug] [2021-11-19T10:57:04.999Z] [worker-us-central1-api-8dbd197c-164a-4897-aff2-418861ba643b]: IDLE {"metadata":{"emulator":{"name":"functions"},"message":"[worker-us-central1-api-8dbd197c-164a-4897-aff2-418861ba643b]: IDLE"}}
[debug] [2021-11-19T10:57:05.000Z] [work-queue] {"queueLength":0,"workRunningCount":0}
